2023-06-29 14:25:27,218 django.utils.autoreload INFO     Watching for file changes with StatReloader
2023-06-29 14:25:28,026 tensorflow   DEBUG    Falling back to TensorFlow client; we recommended you install the Cloud TPU client directly with pip install cloud-tpu-client.
2023-06-29 14:25:28,130 h5py._conv   DEBUG    Creating converter from 7 to 5
2023-06-29 14:25:28,130 h5py._conv   DEBUG    Creating converter from 5 to 7
2023-06-29 14:25:28,130 h5py._conv   DEBUG    Creating converter from 7 to 5
2023-06-29 14:25:28,131 h5py._conv   DEBUG    Creating converter from 5 to 7
2023-09-09 09:33:33,500 django.utils.autoreload INFO     Watching for file changes with StatReloader
2023-09-09 09:36:07,124 django.utils.autoreload INFO     Watching for file changes with StatReloader
2023-09-14 16:48:45,056 django.utils.autoreload INFO     Watching for file changes with StatReloader
2023-09-14 16:57:09,789 django.utils.autoreload INFO     Watching for file changes with StatReloader
2023-09-14 16:57:10,925 tensorflow   DEBUG    Falling back to TensorFlow client; we recommended you install the Cloud TPU client directly with pip install cloud-tpu-client.
2023-09-14 16:57:11,404 h5py._conv   DEBUG    Creating converter from 7 to 5
2023-09-14 16:57:11,404 h5py._conv   DEBUG    Creating converter from 5 to 7
2023-09-14 16:57:11,405 h5py._conv   DEBUG    Creating converter from 7 to 5
2023-09-14 16:57:11,405 h5py._conv   DEBUG    Creating converter from 5 to 7
2023-09-14 16:58:16,302 PIL.PngImagePlugin DEBUG    STREAM b'IHDR' 16 13
2023-09-14 16:58:16,303 PIL.PngImagePlugin DEBUG    STREAM b'IDAT' 41 1310
2023-09-14 16:58:16,303 PIL.Image    DEBUG    Importing BlpImagePlugin
2023-09-14 16:58:16,318 PIL.Image    DEBUG    Importing BmpImagePlugin
2023-09-14 16:58:16,318 PIL.Image    DEBUG    Importing BufrStubImagePlugin
2023-09-14 16:58:16,319 PIL.Image    DEBUG    Importing CurImagePlugin
2023-09-14 16:58:16,320 PIL.Image    DEBUG    Importing DcxImagePlugin
2023-09-14 16:58:16,327 PIL.Image    DEBUG    Importing DdsImagePlugin
2023-09-14 16:58:16,328 PIL.Image    DEBUG    Importing EpsImagePlugin
2023-09-14 16:58:16,328 PIL.Image    DEBUG    Importing FitsImagePlugin
2023-09-14 16:58:16,329 PIL.Image    DEBUG    Importing FitsStubImagePlugin
2023-09-14 16:58:16,329 PIL.Image    DEBUG    Importing FliImagePlugin
2023-09-14 16:58:16,330 PIL.Image    DEBUG    Importing FpxImagePlugin
2023-09-14 16:58:16,371 PIL.Image    DEBUG    Importing FtexImagePlugin
2023-09-14 16:58:16,373 PIL.Image    DEBUG    Importing GbrImagePlugin
2023-09-14 16:58:16,373 PIL.Image    DEBUG    Importing GifImagePlugin
2023-09-14 16:58:16,373 PIL.Image    DEBUG    Importing GribStubImagePlugin
2023-09-14 16:58:16,374 PIL.Image    DEBUG    Importing Hdf5StubImagePlugin
2023-09-14 16:58:16,375 PIL.Image    DEBUG    Importing IcnsImagePlugin
2023-09-14 16:58:16,378 PIL.Image    DEBUG    Importing IcoImagePlugin
2023-09-14 16:58:16,379 PIL.Image    DEBUG    Importing ImImagePlugin
2023-09-14 16:58:16,380 PIL.Image    DEBUG    Importing ImtImagePlugin
2023-09-14 16:58:16,381 PIL.Image    DEBUG    Importing IptcImagePlugin
2023-09-14 16:58:16,382 PIL.Image    DEBUG    Importing JpegImagePlugin
2023-09-14 16:58:16,382 PIL.Image    DEBUG    Importing Jpeg2KImagePlugin
2023-09-14 16:58:16,382 PIL.Image    DEBUG    Importing McIdasImagePlugin
2023-09-14 16:58:16,383 PIL.Image    DEBUG    Importing MicImagePlugin
2023-09-14 16:58:16,384 PIL.Image    DEBUG    Importing MpegImagePlugin
2023-09-14 16:58:16,385 PIL.Image    DEBUG    Importing MpoImagePlugin
2023-09-14 16:58:16,386 PIL.Image    DEBUG    Importing MspImagePlugin
2023-09-14 16:58:16,387 PIL.Image    DEBUG    Importing PalmImagePlugin
2023-09-14 16:58:16,389 PIL.Image    DEBUG    Importing PcdImagePlugin
2023-09-14 16:58:16,390 PIL.Image    DEBUG    Importing PcxImagePlugin
2023-09-14 16:58:16,390 PIL.Image    DEBUG    Importing PdfImagePlugin
2023-09-14 16:58:16,401 PIL.Image    DEBUG    Importing PixarImagePlugin
2023-09-14 16:58:16,402 PIL.Image    DEBUG    Importing PngImagePlugin
2023-09-14 16:58:16,402 PIL.Image    DEBUG    Importing PpmImagePlugin
2023-09-14 16:58:16,402 PIL.Image    DEBUG    Importing PsdImagePlugin
2023-09-14 16:58:16,403 PIL.Image    DEBUG    Importing SgiImagePlugin
2023-09-14 16:58:16,404 PIL.Image    DEBUG    Importing SpiderImagePlugin
2023-09-14 16:58:16,404 PIL.Image    DEBUG    Image: failed to import SpiderImagePlugin: No module named 'PIL.SpiderImagePlugin'
2023-09-14 16:58:16,404 PIL.Image    DEBUG    Importing SunImagePlugin
2023-09-14 16:58:16,404 PIL.Image    DEBUG    Importing TgaImagePlugin
2023-09-14 16:58:16,405 PIL.Image    DEBUG    Importing TiffImagePlugin
2023-09-14 16:58:16,405 PIL.Image    DEBUG    Importing WebPImagePlugin
2023-09-14 16:58:16,428 PIL.Image    DEBUG    Importing WmfImagePlugin
2023-09-14 16:58:16,429 PIL.Image    DEBUG    Importing XbmImagePlugin
2023-09-14 16:58:16,432 PIL.Image    DEBUG    Importing XpmImagePlugin
2023-09-14 16:58:16,434 PIL.Image    DEBUG    Importing XVThumbImagePlugin
2023-09-14 16:58:16,436 PIL.PngImagePlugin DEBUG    STREAM b'IHDR' 16 13
2023-09-14 16:58:16,436 PIL.PngImagePlugin DEBUG    STREAM b'IDAT' 41 1310
2023-09-14 16:58:16,580 django.request ERROR    Internal Server Error: /home/
Traceback (most recent call last):
  File "/home/android/.local/lib/python3.11/site-packages/django/core/handlers/exception.py", line 56, in inner
    response = get_response(request)
               ^^^^^^^^^^^^^^^^^^^^^
  File "/home/android/.local/lib/python3.11/site-packages/django/core/handlers/base.py", line 197, in _get_response
    response = wrapped_callback(request, *callback_args, **callback_kwargs)
               ^^^^^^^^^^^^^^^^^^^^^^^^^^^^^^^^^^^^^^^^^^^^^^^^^^^^^^^^^^^^
  File "/home/android/Practice/Demonstration/demapp/views.py", line 94, in use_nn
    model_loaded = keras.models.load_model('/home/android/PycharmProjects/Practice/Demonstration/demapp/model')
                   ^^^^^^^^^^^^^^^^^^^^^^^^^^^^^^^^^^^^^^^^^^^^^^^^^^^^^^^^^^^^^^^^^^^^^^^^^^^^^^^^^^^^^^^^^^^^
  File "/home/android/.local/lib/python3.11/site-packages/keras/src/saving/saving_api.py", line 238, in load_model
    return legacy_sm_saving_lib.load_model(
           ^^^^^^^^^^^^^^^^^^^^^^^^^^^^^^^^
  File "/home/android/.local/lib/python3.11/site-packages/keras/src/utils/traceback_utils.py", line 70, in error_handler
    raise e.with_traceback(filtered_tb) from None
  File "/home/android/.local/lib/python3.11/site-packages/keras/src/saving/legacy/save.py", line 234, in load_model
    raise IOError(
OSError: No file or directory found at /home/android/PycharmProjects/Practice/Demonstration/demapp/model
2023-09-14 17:15:27,764 django.utils.autoreload INFO     Watching for file changes with StatReloader
2023-09-14 17:15:28,569 tensorflow   DEBUG    Falling back to TensorFlow client; we recommended you install the Cloud TPU client directly with pip install cloud-tpu-client.
2023-09-14 17:15:28,676 h5py._conv   DEBUG    Creating converter from 7 to 5
2023-09-14 17:15:28,676 h5py._conv   DEBUG    Creating converter from 5 to 7
2023-09-14 17:15:28,677 h5py._conv   DEBUG    Creating converter from 7 to 5
2023-09-14 17:15:28,677 h5py._conv   DEBUG    Creating converter from 5 to 7
2023-09-14 17:15:38,569 PIL.PngImagePlugin DEBUG    STREAM b'IHDR' 16 13
2023-09-14 17:15:38,569 PIL.PngImagePlugin DEBUG    STREAM b'IDAT' 41 1310
2023-09-14 17:15:38,569 PIL.Image    DEBUG    Importing BlpImagePlugin
2023-09-14 17:15:38,570 PIL.Image    DEBUG    Importing BmpImagePlugin
2023-09-14 17:15:38,570 PIL.Image    DEBUG    Importing BufrStubImagePlugin
2023-09-14 17:15:38,570 PIL.Image    DEBUG    Importing CurImagePlugin
2023-09-14 17:15:38,570 PIL.Image    DEBUG    Importing DcxImagePlugin
2023-09-14 17:15:38,571 PIL.Image    DEBUG    Importing DdsImagePlugin
2023-09-14 17:15:38,571 PIL.Image    DEBUG    Importing EpsImagePlugin
2023-09-14 17:15:38,571 PIL.Image    DEBUG    Importing FitsImagePlugin
2023-09-14 17:15:38,572 PIL.Image    DEBUG    Importing FitsStubImagePlugin
2023-09-14 17:15:38,572 PIL.Image    DEBUG    Importing FliImagePlugin
2023-09-14 17:15:38,572 PIL.Image    DEBUG    Importing FpxImagePlugin
2023-09-14 17:15:38,573 PIL.Image    DEBUG    Importing FtexImagePlugin
2023-09-14 17:15:38,573 PIL.Image    DEBUG    Importing GbrImagePlugin
2023-09-14 17:15:38,573 PIL.Image    DEBUG    Importing GifImagePlugin
2023-09-14 17:15:38,573 PIL.Image    DEBUG    Importing GribStubImagePlugin
2023-09-14 17:15:38,574 PIL.Image    DEBUG    Importing Hdf5StubImagePlugin
2023-09-14 17:15:38,574 PIL.Image    DEBUG    Importing IcnsImagePlugin
2023-09-14 17:15:38,574 PIL.Image    DEBUG    Importing IcoImagePlugin
2023-09-14 17:15:38,575 PIL.Image    DEBUG    Importing ImImagePlugin
2023-09-14 17:15:38,575 PIL.Image    DEBUG    Importing ImtImagePlugin
2023-09-14 17:15:38,575 PIL.Image    DEBUG    Importing IptcImagePlugin
2023-09-14 17:15:38,575 PIL.Image    DEBUG    Importing JpegImagePlugin
2023-09-14 17:15:38,575 PIL.Image    DEBUG    Importing Jpeg2KImagePlugin
2023-09-14 17:15:38,576 PIL.Image    DEBUG    Importing McIdasImagePlugin
2023-09-14 17:15:38,576 PIL.Image    DEBUG    Importing MicImagePlugin
2023-09-14 17:15:38,576 PIL.Image    DEBUG    Importing MpegImagePlugin
2023-09-14 17:15:38,576 PIL.Image    DEBUG    Importing MpoImagePlugin
2023-09-14 17:15:38,576 PIL.Image    DEBUG    Importing MspImagePlugin
2023-09-14 17:15:38,576 PIL.Image    DEBUG    Importing PalmImagePlugin
2023-09-14 17:15:38,577 PIL.Image    DEBUG    Importing PcdImagePlugin
2023-09-14 17:15:38,577 PIL.Image    DEBUG    Importing PcxImagePlugin
2023-09-14 17:15:38,577 PIL.Image    DEBUG    Importing PdfImagePlugin
2023-09-14 17:15:38,581 PIL.Image    DEBUG    Importing PixarImagePlugin
2023-09-14 17:15:38,581 PIL.Image    DEBUG    Importing PngImagePlugin
2023-09-14 17:15:38,581 PIL.Image    DEBUG    Importing PpmImagePlugin
2023-09-14 17:15:38,581 PIL.Image    DEBUG    Importing PsdImagePlugin
2023-09-14 17:15:38,581 PIL.Image    DEBUG    Importing SgiImagePlugin
2023-09-14 17:15:38,581 PIL.Image    DEBUG    Importing SpiderImagePlugin
2023-09-14 17:15:38,581 PIL.Image    DEBUG    Image: failed to import SpiderImagePlugin: No module named 'PIL.SpiderImagePlugin'
2023-09-14 17:15:38,581 PIL.Image    DEBUG    Importing SunImagePlugin
2023-09-14 17:15:38,582 PIL.Image    DEBUG    Importing TgaImagePlugin
2023-09-14 17:15:38,582 PIL.Image    DEBUG    Importing TiffImagePlugin
2023-09-14 17:15:38,582 PIL.Image    DEBUG    Importing WebPImagePlugin
2023-09-14 17:15:38,583 PIL.Image    DEBUG    Importing WmfImagePlugin
2023-09-14 17:15:38,583 PIL.Image    DEBUG    Importing XbmImagePlugin
2023-09-14 17:15:38,584 PIL.Image    DEBUG    Importing XpmImagePlugin
2023-09-14 17:15:38,584 PIL.Image    DEBUG    Importing XVThumbImagePlugin
2023-09-14 17:15:38,585 PIL.PngImagePlugin DEBUG    STREAM b'IHDR' 16 13
2023-09-14 17:15:38,585 PIL.PngImagePlugin DEBUG    STREAM b'IDAT' 41 1310
2023-09-14 17:15:38,620 django.request ERROR    Internal Server Error: /home/
Traceback (most recent call last):
  File "/home/android/.local/lib/python3.11/site-packages/django/core/handlers/exception.py", line 56, in inner
    response = get_response(request)
               ^^^^^^^^^^^^^^^^^^^^^
  File "/home/android/.local/lib/python3.11/site-packages/django/core/handlers/base.py", line 197, in _get_response
    response = wrapped_callback(request, *callback_args, **callback_kwargs)
               ^^^^^^^^^^^^^^^^^^^^^^^^^^^^^^^^^^^^^^^^^^^^^^^^^^^^^^^^^^^^
  File "/home/android/Practice/Demonstration/demapp/views.py", line 94, in use_nn
    model_loaded = keras.models.load_model('/home/android/PycharmProjects/Practice/Demonstration/demapp/model/')
                   ^^^^^^^^^^^^^^^^^^^^^^^^^^^^^^^^^^^^^^^^^^^^^^^^^^^^^^^^^^^^^^^^^^^^^^^^^^^^^^^^^^^^^^^^^^^^^
  File "/home/android/.local/lib/python3.11/site-packages/keras/src/saving/saving_api.py", line 238, in load_model
    return legacy_sm_saving_lib.load_model(
           ^^^^^^^^^^^^^^^^^^^^^^^^^^^^^^^^
  File "/home/android/.local/lib/python3.11/site-packages/keras/src/utils/traceback_utils.py", line 70, in error_handler
    raise e.with_traceback(filtered_tb) from None
  File "/home/android/.local/lib/python3.11/site-packages/keras/src/saving/legacy/save.py", line 234, in load_model
    raise IOError(
OSError: No file or directory found at /home/android/PycharmProjects/Practice/Demonstration/demapp/model/
2023-09-14 17:15:51,684 django.utils.autoreload INFO     /home/android/Practice/Demonstration/demapp/views.py changed, reloading.
2023-09-14 17:15:52,211 django.utils.autoreload INFO     Watching for file changes with StatReloader
2023-09-14 17:15:53,037 tensorflow   DEBUG    Falling back to TensorFlow client; we recommended you install the Cloud TPU client directly with pip install cloud-tpu-client.
2023-09-14 17:15:53,147 h5py._conv   DEBUG    Creating converter from 7 to 5
2023-09-14 17:15:53,147 h5py._conv   DEBUG    Creating converter from 5 to 7
2023-09-14 17:15:53,147 h5py._conv   DEBUG    Creating converter from 7 to 5
2023-09-14 17:15:53,147 h5py._conv   DEBUG    Creating converter from 5 to 7
2023-09-14 17:15:57,964 PIL.PngImagePlugin DEBUG    STREAM b'IHDR' 16 13
2023-09-14 17:15:57,965 PIL.PngImagePlugin DEBUG    STREAM b'IDAT' 41 1310
2023-09-14 17:15:57,965 PIL.Image    DEBUG    Importing BlpImagePlugin
2023-09-14 17:15:57,966 PIL.Image    DEBUG    Importing BmpImagePlugin
2023-09-14 17:15:57,967 PIL.Image    DEBUG    Importing BufrStubImagePlugin
2023-09-14 17:15:57,967 PIL.Image    DEBUG    Importing CurImagePlugin
2023-09-14 17:15:57,967 PIL.Image    DEBUG    Importing DcxImagePlugin
2023-09-14 17:15:57,968 PIL.Image    DEBUG    Importing DdsImagePlugin
2023-09-14 17:15:57,968 PIL.Image    DEBUG    Importing EpsImagePlugin
2023-09-14 17:15:57,969 PIL.Image    DEBUG    Importing FitsImagePlugin
2023-09-14 17:15:57,969 PIL.Image    DEBUG    Importing FitsStubImagePlugin
2023-09-14 17:15:57,969 PIL.Image    DEBUG    Importing FliImagePlugin
2023-09-14 17:15:57,969 PIL.Image    DEBUG    Importing FpxImagePlugin
2023-09-14 17:15:57,970 PIL.Image    DEBUG    Importing FtexImagePlugin
2023-09-14 17:15:57,970 PIL.Image    DEBUG    Importing GbrImagePlugin
2023-09-14 17:15:57,971 PIL.Image    DEBUG    Importing GifImagePlugin
2023-09-14 17:15:57,971 PIL.Image    DEBUG    Importing GribStubImagePlugin
2023-09-14 17:15:57,971 PIL.Image    DEBUG    Importing Hdf5StubImagePlugin
2023-09-14 17:15:57,971 PIL.Image    DEBUG    Importing IcnsImagePlugin
2023-09-14 17:15:57,972 PIL.Image    DEBUG    Importing IcoImagePlugin
2023-09-14 17:15:57,972 PIL.Image    DEBUG    Importing ImImagePlugin
2023-09-14 17:15:57,972 PIL.Image    DEBUG    Importing ImtImagePlugin
2023-09-14 17:15:57,973 PIL.Image    DEBUG    Importing IptcImagePlugin
2023-09-14 17:15:57,973 PIL.Image    DEBUG    Importing JpegImagePlugin
2023-09-14 17:15:57,973 PIL.Image    DEBUG    Importing Jpeg2KImagePlugin
2023-09-14 17:15:57,973 PIL.Image    DEBUG    Importing McIdasImagePlugin
2023-09-14 17:15:57,973 PIL.Image    DEBUG    Importing MicImagePlugin
2023-09-14 17:15:57,973 PIL.Image    DEBUG    Importing MpegImagePlugin
2023-09-14 17:15:57,973 PIL.Image    DEBUG    Importing MpoImagePlugin
2023-09-14 17:15:57,974 PIL.Image    DEBUG    Importing MspImagePlugin
2023-09-14 17:15:57,974 PIL.Image    DEBUG    Importing PalmImagePlugin
2023-09-14 17:15:57,975 PIL.Image    DEBUG    Importing PcdImagePlugin
2023-09-14 17:15:57,975 PIL.Image    DEBUG    Importing PcxImagePlugin
2023-09-14 17:15:57,975 PIL.Image    DEBUG    Importing PdfImagePlugin
2023-09-14 17:15:57,978 PIL.Image    DEBUG    Importing PixarImagePlugin
2023-09-14 17:15:57,978 PIL.Image    DEBUG    Importing PngImagePlugin
2023-09-14 17:15:57,978 PIL.Image    DEBUG    Importing PpmImagePlugin
2023-09-14 17:15:57,978 PIL.Image    DEBUG    Importing PsdImagePlugin
2023-09-14 17:15:57,978 PIL.Image    DEBUG    Importing SgiImagePlugin
2023-09-14 17:15:57,979 PIL.Image    DEBUG    Importing SpiderImagePlugin
2023-09-14 17:15:57,979 PIL.Image    DEBUG    Image: failed to import SpiderImagePlugin: No module named 'PIL.SpiderImagePlugin'
2023-09-14 17:15:57,979 PIL.Image    DEBUG    Importing SunImagePlugin
2023-09-14 17:15:57,979 PIL.Image    DEBUG    Importing TgaImagePlugin
2023-09-14 17:15:57,980 PIL.Image    DEBUG    Importing TiffImagePlugin
2023-09-14 17:15:57,980 PIL.Image    DEBUG    Importing WebPImagePlugin
2023-09-14 17:15:57,980 PIL.Image    DEBUG    Importing WmfImagePlugin
2023-09-14 17:15:57,980 PIL.Image    DEBUG    Importing XbmImagePlugin
2023-09-14 17:15:57,981 PIL.Image    DEBUG    Importing XpmImagePlugin
2023-09-14 17:15:57,982 PIL.Image    DEBUG    Importing XVThumbImagePlugin
2023-09-14 17:15:57,982 PIL.PngImagePlugin DEBUG    STREAM b'IHDR' 16 13
2023-09-14 17:15:57,982 PIL.PngImagePlugin DEBUG    STREAM b'IDAT' 41 1310
2023-09-14 17:15:58,027 django.request ERROR    Internal Server Error: /home/
Traceback (most recent call last):
  File "/home/android/.local/lib/python3.11/site-packages/django/core/handlers/exception.py", line 56, in inner
    response = get_response(request)
               ^^^^^^^^^^^^^^^^^^^^^
  File "/home/android/.local/lib/python3.11/site-packages/django/core/handlers/base.py", line 197, in _get_response
    response = wrapped_callback(request, *callback_args, **callback_kwargs)
               ^^^^^^^^^^^^^^^^^^^^^^^^^^^^^^^^^^^^^^^^^^^^^^^^^^^^^^^^^^^^
  File "/home/android/Practice/Demonstration/demapp/views.py", line 94, in use_nn
    model_loaded = keras.models.load_model('/home/android/PycharmProjects/Practice/Demonstration/demapp/model')
                   ^^^^^^^^^^^^^^^^^^^^^^^^^^^^^^^^^^^^^^^^^^^^^^^^^^^^^^^^^^^^^^^^^^^^^^^^^^^^^^^^^^^^^^^^^^^^
  File "/home/android/.local/lib/python3.11/site-packages/keras/src/saving/saving_api.py", line 238, in load_model
    return legacy_sm_saving_lib.load_model(
           ^^^^^^^^^^^^^^^^^^^^^^^^^^^^^^^^
  File "/home/android/.local/lib/python3.11/site-packages/keras/src/utils/traceback_utils.py", line 70, in error_handler
    raise e.with_traceback(filtered_tb) from None
  File "/home/android/.local/lib/python3.11/site-packages/keras/src/saving/legacy/save.py", line 234, in load_model
    raise IOError(
OSError: No file or directory found at /home/android/PycharmProjects/Practice/Demonstration/demapp/model
2023-09-14 17:16:49,326 django.utils.autoreload INFO     /home/android/Practice/Demonstration/demapp/views.py changed, reloading.
2023-09-14 17:16:49,811 django.utils.autoreload INFO     Watching for file changes with StatReloader
2023-09-14 17:16:50,636 tensorflow   DEBUG    Falling back to TensorFlow client; we recommended you install the Cloud TPU client directly with pip install cloud-tpu-client.
2023-09-14 17:16:50,749 h5py._conv   DEBUG    Creating converter from 7 to 5
2023-09-14 17:16:50,749 h5py._conv   DEBUG    Creating converter from 5 to 7
2023-09-14 17:16:50,749 h5py._conv   DEBUG    Creating converter from 7 to 5
2023-09-14 17:16:50,749 h5py._conv   DEBUG    Creating converter from 5 to 7
2023-09-14 17:16:58,811 PIL.PngImagePlugin DEBUG    STREAM b'IHDR' 16 13
2023-09-14 17:16:58,811 PIL.PngImagePlugin DEBUG    STREAM b'IDAT' 41 1310
2023-09-14 17:16:58,811 PIL.Image    DEBUG    Importing BlpImagePlugin
2023-09-14 17:16:58,812 PIL.Image    DEBUG    Importing BmpImagePlugin
2023-09-14 17:16:58,813 PIL.Image    DEBUG    Importing BufrStubImagePlugin
2023-09-14 17:16:58,813 PIL.Image    DEBUG    Importing CurImagePlugin
2023-09-14 17:16:58,813 PIL.Image    DEBUG    Importing DcxImagePlugin
2023-09-14 17:16:58,813 PIL.Image    DEBUG    Importing DdsImagePlugin
2023-09-14 17:16:58,814 PIL.Image    DEBUG    Importing EpsImagePlugin
2023-09-14 17:16:58,814 PIL.Image    DEBUG    Importing FitsImagePlugin
2023-09-14 17:16:58,814 PIL.Image    DEBUG    Importing FitsStubImagePlugin
2023-09-14 17:16:58,814 PIL.Image    DEBUG    Importing FliImagePlugin
2023-09-14 17:16:58,815 PIL.Image    DEBUG    Importing FpxImagePlugin
2023-09-14 17:16:58,816 PIL.Image    DEBUG    Importing FtexImagePlugin
2023-09-14 17:16:58,816 PIL.Image    DEBUG    Importing GbrImagePlugin
2023-09-14 17:16:58,816 PIL.Image    DEBUG    Importing GifImagePlugin
2023-09-14 17:16:58,816 PIL.Image    DEBUG    Importing GribStubImagePlugin
2023-09-14 17:16:58,816 PIL.Image    DEBUG    Importing Hdf5StubImagePlugin
2023-09-14 17:16:58,816 PIL.Image    DEBUG    Importing IcnsImagePlugin
2023-09-14 17:16:58,817 PIL.Image    DEBUG    Importing IcoImagePlugin
2023-09-14 17:16:58,817 PIL.Image    DEBUG    Importing ImImagePlugin
2023-09-14 17:16:58,818 PIL.Image    DEBUG    Importing ImtImagePlugin
2023-09-14 17:16:58,818 PIL.Image    DEBUG    Importing IptcImagePlugin
2023-09-14 17:16:58,818 PIL.Image    DEBUG    Importing JpegImagePlugin
2023-09-14 17:16:58,818 PIL.Image    DEBUG    Importing Jpeg2KImagePlugin
2023-09-14 17:16:58,818 PIL.Image    DEBUG    Importing McIdasImagePlugin
2023-09-14 17:16:58,818 PIL.Image    DEBUG    Importing MicImagePlugin
2023-09-14 17:16:58,819 PIL.Image    DEBUG    Importing MpegImagePlugin
2023-09-14 17:16:58,819 PIL.Image    DEBUG    Importing MpoImagePlugin
2023-09-14 17:16:58,819 PIL.Image    DEBUG    Importing MspImagePlugin
2023-09-14 17:16:58,819 PIL.Image    DEBUG    Importing PalmImagePlugin
2023-09-14 17:16:58,820 PIL.Image    DEBUG    Importing PcdImagePlugin
2023-09-14 17:16:58,820 PIL.Image    DEBUG    Importing PcxImagePlugin
2023-09-14 17:16:58,820 PIL.Image    DEBUG    Importing PdfImagePlugin
2023-09-14 17:16:58,823 PIL.Image    DEBUG    Importing PixarImagePlugin
2023-09-14 17:16:58,824 PIL.Image    DEBUG    Importing PngImagePlugin
2023-09-14 17:16:58,824 PIL.Image    DEBUG    Importing PpmImagePlugin
2023-09-14 17:16:58,824 PIL.Image    DEBUG    Importing PsdImagePlugin
2023-09-14 17:16:58,824 PIL.Image    DEBUG    Importing SgiImagePlugin
2023-09-14 17:16:58,824 PIL.Image    DEBUG    Importing SpiderImagePlugin
2023-09-14 17:16:58,824 PIL.Image    DEBUG    Image: failed to import SpiderImagePlugin: No module named 'PIL.SpiderImagePlugin'
2023-09-14 17:16:58,824 PIL.Image    DEBUG    Importing SunImagePlugin
2023-09-14 17:16:58,824 PIL.Image    DEBUG    Importing TgaImagePlugin
2023-09-14 17:16:58,825 PIL.Image    DEBUG    Importing TiffImagePlugin
2023-09-14 17:16:58,825 PIL.Image    DEBUG    Importing WebPImagePlugin
2023-09-14 17:16:58,825 PIL.Image    DEBUG    Importing WmfImagePlugin
2023-09-14 17:16:58,825 PIL.Image    DEBUG    Importing XbmImagePlugin
2023-09-14 17:16:58,826 PIL.Image    DEBUG    Importing XpmImagePlugin
2023-09-14 17:16:58,826 PIL.Image    DEBUG    Importing XVThumbImagePlugin
2023-09-14 17:16:58,827 PIL.PngImagePlugin DEBUG    STREAM b'IHDR' 16 13
2023-09-14 17:16:58,827 PIL.PngImagePlugin DEBUG    STREAM b'IDAT' 41 1310
2023-09-14 17:16:58,864 django.request ERROR    Internal Server Error: /home/
Traceback (most recent call last):
  File "/home/android/.local/lib/python3.11/site-packages/django/core/handlers/exception.py", line 56, in inner
    response = get_response(request)
               ^^^^^^^^^^^^^^^^^^^^^
  File "/home/android/.local/lib/python3.11/site-packages/django/core/handlers/base.py", line 197, in _get_response
    response = wrapped_callback(request, *callback_args, **callback_kwargs)
               ^^^^^^^^^^^^^^^^^^^^^^^^^^^^^^^^^^^^^^^^^^^^^^^^^^^^^^^^^^^^
  File "/home/android/Practice/Demonstration/demapp/views.py", line 94, in use_nn
    model_loaded = keras.models.load_model('/model')
                   ^^^^^^^^^^^^^^^^^^^^^^^^^^^^^^^^^
  File "/home/android/.local/lib/python3.11/site-packages/keras/src/saving/saving_api.py", line 238, in load_model
    return legacy_sm_saving_lib.load_model(
           ^^^^^^^^^^^^^^^^^^^^^^^^^^^^^^^^
  File "/home/android/.local/lib/python3.11/site-packages/keras/src/utils/traceback_utils.py", line 70, in error_handler
    raise e.with_traceback(filtered_tb) from None
  File "/home/android/.local/lib/python3.11/site-packages/keras/src/saving/legacy/save.py", line 234, in load_model
    raise IOError(
OSError: No file or directory found at /model
2023-09-14 17:18:12,122 django.utils.autoreload INFO     /home/android/Practice/Demonstration/demapp/views.py changed, reloading.
2023-09-14 17:18:12,609 django.utils.autoreload INFO     Watching for file changes with StatReloader
2023-09-14 17:18:13,412 tensorflow   DEBUG    Falling back to TensorFlow client; we recommended you install the Cloud TPU client directly with pip install cloud-tpu-client.
2023-09-14 17:18:13,518 h5py._conv   DEBUG    Creating converter from 7 to 5
2023-09-14 17:18:13,518 h5py._conv   DEBUG    Creating converter from 5 to 7
2023-09-14 17:18:13,518 h5py._conv   DEBUG    Creating converter from 7 to 5
2023-09-14 17:18:13,518 h5py._conv   DEBUG    Creating converter from 5 to 7
2023-09-14 17:18:19,952 PIL.PngImagePlugin DEBUG    STREAM b'IHDR' 16 13
2023-09-14 17:18:19,952 PIL.PngImagePlugin DEBUG    STREAM b'IDAT' 41 1310
2023-09-14 17:18:19,952 PIL.Image    DEBUG    Importing BlpImagePlugin
2023-09-14 17:18:19,953 PIL.Image    DEBUG    Importing BmpImagePlugin
2023-09-14 17:18:19,953 PIL.Image    DEBUG    Importing BufrStubImagePlugin
2023-09-14 17:18:19,954 PIL.Image    DEBUG    Importing CurImagePlugin
2023-09-14 17:18:19,954 PIL.Image    DEBUG    Importing DcxImagePlugin
2023-09-14 17:18:19,954 PIL.Image    DEBUG    Importing DdsImagePlugin
2023-09-14 17:18:19,954 PIL.Image    DEBUG    Importing EpsImagePlugin
2023-09-14 17:18:19,955 PIL.Image    DEBUG    Importing FitsImagePlugin
2023-09-14 17:18:19,955 PIL.Image    DEBUG    Importing FitsStubImagePlugin
2023-09-14 17:18:19,956 PIL.Image    DEBUG    Importing FliImagePlugin
2023-09-14 17:18:19,956 PIL.Image    DEBUG    Importing FpxImagePlugin
2023-09-14 17:18:19,957 PIL.Image    DEBUG    Importing FtexImagePlugin
2023-09-14 17:18:19,958 PIL.Image    DEBUG    Importing GbrImagePlugin
2023-09-14 17:18:19,958 PIL.Image    DEBUG    Importing GifImagePlugin
2023-09-14 17:18:19,958 PIL.Image    DEBUG    Importing GribStubImagePlugin
2023-09-14 17:18:19,958 PIL.Image    DEBUG    Importing Hdf5StubImagePlugin
2023-09-14 17:18:19,958 PIL.Image    DEBUG    Importing IcnsImagePlugin
2023-09-14 17:18:19,959 PIL.Image    DEBUG    Importing IcoImagePlugin
2023-09-14 17:18:19,960 PIL.Image    DEBUG    Importing ImImagePlugin
2023-09-14 17:18:19,960 PIL.Image    DEBUG    Importing ImtImagePlugin
2023-09-14 17:18:19,961 PIL.Image    DEBUG    Importing IptcImagePlugin
2023-09-14 17:18:19,961 PIL.Image    DEBUG    Importing JpegImagePlugin
2023-09-14 17:18:19,961 PIL.Image    DEBUG    Importing Jpeg2KImagePlugin
2023-09-14 17:18:19,961 PIL.Image    DEBUG    Importing McIdasImagePlugin
2023-09-14 17:18:19,961 PIL.Image    DEBUG    Importing MicImagePlugin
2023-09-14 17:18:19,962 PIL.Image    DEBUG    Importing MpegImagePlugin
2023-09-14 17:18:19,962 PIL.Image    DEBUG    Importing MpoImagePlugin
2023-09-14 17:18:19,962 PIL.Image    DEBUG    Importing MspImagePlugin
2023-09-14 17:18:19,962 PIL.Image    DEBUG    Importing PalmImagePlugin
2023-09-14 17:18:19,964 PIL.Image    DEBUG    Importing PcdImagePlugin
2023-09-14 17:18:19,964 PIL.Image    DEBUG    Importing PcxImagePlugin
2023-09-14 17:18:19,964 PIL.Image    DEBUG    Importing PdfImagePlugin
2023-09-14 17:18:19,969 PIL.Image    DEBUG    Importing PixarImagePlugin
2023-09-14 17:18:19,969 PIL.Image    DEBUG    Importing PngImagePlugin
2023-09-14 17:18:19,969 PIL.Image    DEBUG    Importing PpmImagePlugin
2023-09-14 17:18:19,969 PIL.Image    DEBUG    Importing PsdImagePlugin
2023-09-14 17:18:19,969 PIL.Image    DEBUG    Importing SgiImagePlugin
2023-09-14 17:18:19,969 PIL.Image    DEBUG    Importing SpiderImagePlugin
2023-09-14 17:18:19,970 PIL.Image    DEBUG    Image: failed to import SpiderImagePlugin: No module named 'PIL.SpiderImagePlugin'
2023-09-14 17:18:19,970 PIL.Image    DEBUG    Importing SunImagePlugin
2023-09-14 17:18:19,970 PIL.Image    DEBUG    Importing TgaImagePlugin
2023-09-14 17:18:19,970 PIL.Image    DEBUG    Importing TiffImagePlugin
2023-09-14 17:18:19,970 PIL.Image    DEBUG    Importing WebPImagePlugin
2023-09-14 17:18:19,971 PIL.Image    DEBUG    Importing WmfImagePlugin
2023-09-14 17:18:19,971 PIL.Image    DEBUG    Importing XbmImagePlugin
2023-09-14 17:18:19,972 PIL.Image    DEBUG    Importing XpmImagePlugin
2023-09-14 17:18:19,973 PIL.Image    DEBUG    Importing XVThumbImagePlugin
2023-09-14 17:18:19,973 PIL.PngImagePlugin DEBUG    STREAM b'IHDR' 16 13
2023-09-14 17:18:19,973 PIL.PngImagePlugin DEBUG    STREAM b'IDAT' 41 1310
2023-09-14 17:18:20,019 django.request ERROR    Internal Server Error: /home/
Traceback (most recent call last):
  File "/home/android/.local/lib/python3.11/site-packages/django/core/handlers/exception.py", line 56, in inner
    response = get_response(request)
               ^^^^^^^^^^^^^^^^^^^^^
  File "/home/android/.local/lib/python3.11/site-packages/django/core/handlers/base.py", line 197, in _get_response
    response = wrapped_callback(request, *callback_args, **callback_kwargs)
               ^^^^^^^^^^^^^^^^^^^^^^^^^^^^^^^^^^^^^^^^^^^^^^^^^^^^^^^^^^^^
  File "/home/android/Practice/Demonstration/demapp/views.py", line 94, in use_nn
    model_loaded = keras.saving.load_model('/model')
                   ^^^^^^^^^^^^^^^^^^^^^^^^^^^^^^^^^
  File "/home/android/.local/lib/python3.11/site-packages/keras/src/saving/saving_api.py", line 238, in load_model
    return legacy_sm_saving_lib.load_model(
           ^^^^^^^^^^^^^^^^^^^^^^^^^^^^^^^^
  File "/home/android/.local/lib/python3.11/site-packages/keras/src/utils/traceback_utils.py", line 70, in error_handler
    raise e.with_traceback(filtered_tb) from None
  File "/home/android/.local/lib/python3.11/site-packages/keras/src/saving/legacy/save.py", line 234, in load_model
    raise IOError(
OSError: No file or directory found at /model
2023-09-14 17:18:38,639 django.utils.autoreload INFO     /home/android/Practice/Demonstration/demapp/views.py changed, reloading.
2023-09-14 17:18:39,176 django.utils.autoreload INFO     Watching for file changes with StatReloader
2023-09-14 17:18:39,998 tensorflow   DEBUG    Falling back to TensorFlow client; we recommended you install the Cloud TPU client directly with pip install cloud-tpu-client.
2023-09-14 17:18:40,105 h5py._conv   DEBUG    Creating converter from 7 to 5
2023-09-14 17:18:40,105 h5py._conv   DEBUG    Creating converter from 5 to 7
2023-09-14 17:18:40,105 h5py._conv   DEBUG    Creating converter from 7 to 5
2023-09-14 17:18:40,105 h5py._conv   DEBUG    Creating converter from 5 to 7
2023-09-14 17:18:44,558 PIL.PngImagePlugin DEBUG    STREAM b'IHDR' 16 13
2023-09-14 17:18:44,558 PIL.PngImagePlugin DEBUG    STREAM b'IDAT' 41 1310
2023-09-14 17:18:44,558 PIL.Image    DEBUG    Importing BlpImagePlugin
2023-09-14 17:18:44,559 PIL.Image    DEBUG    Importing BmpImagePlugin
2023-09-14 17:18:44,559 PIL.Image    DEBUG    Importing BufrStubImagePlugin
2023-09-14 17:18:44,559 PIL.Image    DEBUG    Importing CurImagePlugin
2023-09-14 17:18:44,559 PIL.Image    DEBUG    Importing DcxImagePlugin
2023-09-14 17:18:44,560 PIL.Image    DEBUG    Importing DdsImagePlugin
2023-09-14 17:18:44,560 PIL.Image    DEBUG    Importing EpsImagePlugin
2023-09-14 17:18:44,560 PIL.Image    DEBUG    Importing FitsImagePlugin
2023-09-14 17:18:44,561 PIL.Image    DEBUG    Importing FitsStubImagePlugin
2023-09-14 17:18:44,561 PIL.Image    DEBUG    Importing FliImagePlugin
2023-09-14 17:18:44,561 PIL.Image    DEBUG    Importing FpxImagePlugin
2023-09-14 17:18:44,562 PIL.Image    DEBUG    Importing FtexImagePlugin
2023-09-14 17:18:44,562 PIL.Image    DEBUG    Importing GbrImagePlugin
2023-09-14 17:18:44,563 PIL.Image    DEBUG    Importing GifImagePlugin
2023-09-14 17:18:44,563 PIL.Image    DEBUG    Importing GribStubImagePlugin
2023-09-14 17:18:44,563 PIL.Image    DEBUG    Importing Hdf5StubImagePlugin
2023-09-14 17:18:44,563 PIL.Image    DEBUG    Importing IcnsImagePlugin
2023-09-14 17:18:44,564 PIL.Image    DEBUG    Importing IcoImagePlugin
2023-09-14 17:18:44,564 PIL.Image    DEBUG    Importing ImImagePlugin
2023-09-14 17:18:44,564 PIL.Image    DEBUG    Importing ImtImagePlugin
2023-09-14 17:18:44,564 PIL.Image    DEBUG    Importing IptcImagePlugin
2023-09-14 17:18:44,565 PIL.Image    DEBUG    Importing JpegImagePlugin
2023-09-14 17:18:44,565 PIL.Image    DEBUG    Importing Jpeg2KImagePlugin
2023-09-14 17:18:44,565 PIL.Image    DEBUG    Importing McIdasImagePlugin
2023-09-14 17:18:44,565 PIL.Image    DEBUG    Importing MicImagePlugin
2023-09-14 17:18:44,565 PIL.Image    DEBUG    Importing MpegImagePlugin
2023-09-14 17:18:44,565 PIL.Image    DEBUG    Importing MpoImagePlugin
2023-09-14 17:18:44,566 PIL.Image    DEBUG    Importing MspImagePlugin
2023-09-14 17:18:44,566 PIL.Image    DEBUG    Importing PalmImagePlugin
2023-09-14 17:18:44,566 PIL.Image    DEBUG    Importing PcdImagePlugin
2023-09-14 17:18:44,567 PIL.Image    DEBUG    Importing PcxImagePlugin
2023-09-14 17:18:44,567 PIL.Image    DEBUG    Importing PdfImagePlugin
2023-09-14 17:18:44,570 PIL.Image    DEBUG    Importing PixarImagePlugin
2023-09-14 17:18:44,570 PIL.Image    DEBUG    Importing PngImagePlugin
2023-09-14 17:18:44,570 PIL.Image    DEBUG    Importing PpmImagePlugin
2023-09-14 17:18:44,570 PIL.Image    DEBUG    Importing PsdImagePlugin
2023-09-14 17:18:44,570 PIL.Image    DEBUG    Importing SgiImagePlugin
2023-09-14 17:18:44,571 PIL.Image    DEBUG    Importing SpiderImagePlugin
2023-09-14 17:18:44,571 PIL.Image    DEBUG    Image: failed to import SpiderImagePlugin: No module named 'PIL.SpiderImagePlugin'
2023-09-14 17:18:44,571 PIL.Image    DEBUG    Importing SunImagePlugin
2023-09-14 17:18:44,571 PIL.Image    DEBUG    Importing TgaImagePlugin
2023-09-14 17:18:44,571 PIL.Image    DEBUG    Importing TiffImagePlugin
2023-09-14 17:18:44,571 PIL.Image    DEBUG    Importing WebPImagePlugin
2023-09-14 17:18:44,572 PIL.Image    DEBUG    Importing WmfImagePlugin
2023-09-14 17:18:44,572 PIL.Image    DEBUG    Importing XbmImagePlugin
2023-09-14 17:18:44,573 PIL.Image    DEBUG    Importing XpmImagePlugin
2023-09-14 17:18:44,573 PIL.Image    DEBUG    Importing XVThumbImagePlugin
2023-09-14 17:18:44,574 PIL.PngImagePlugin DEBUG    STREAM b'IHDR' 16 13
2023-09-14 17:18:44,574 PIL.PngImagePlugin DEBUG    STREAM b'IDAT' 41 1310
2023-09-14 17:18:44,612 django.request ERROR    Internal Server Error: /home/
Traceback (most recent call last):
  File "/home/android/.local/lib/python3.11/site-packages/django/core/handlers/exception.py", line 56, in inner
    response = get_response(request)
               ^^^^^^^^^^^^^^^^^^^^^
  File "/home/android/.local/lib/python3.11/site-packages/django/core/handlers/base.py", line 197, in _get_response
    response = wrapped_callback(request, *callback_args, **callback_kwargs)
               ^^^^^^^^^^^^^^^^^^^^^^^^^^^^^^^^^^^^^^^^^^^^^^^^^^^^^^^^^^^^
  File "/home/android/Practice/Demonstration/demapp/views.py", line 94, in use_nn
    model_loaded = keras.saving.load_model("/model")
                   ^^^^^^^^^^^^^^^^^^^^^^^^^^^^^^^^^
  File "/home/android/.local/lib/python3.11/site-packages/keras/src/saving/saving_api.py", line 238, in load_model
    return legacy_sm_saving_lib.load_model(
           ^^^^^^^^^^^^^^^^^^^^^^^^^^^^^^^^
  File "/home/android/.local/lib/python3.11/site-packages/keras/src/utils/traceback_utils.py", line 70, in error_handler
    raise e.with_traceback(filtered_tb) from None
  File "/home/android/.local/lib/python3.11/site-packages/keras/src/saving/legacy/save.py", line 234, in load_model
    raise IOError(
OSError: No file or directory found at /model
2023-09-14 17:19:49,527 django.utils.autoreload INFO     /home/android/Practice/Demonstration/demapp/views.py changed, reloading.
2023-09-14 17:19:50,024 django.utils.autoreload INFO     Watching for file changes with StatReloader
2023-09-14 17:19:50,845 tensorflow   DEBUG    Falling back to TensorFlow client; we recommended you install the Cloud TPU client directly with pip install cloud-tpu-client.
2023-09-14 17:19:50,953 h5py._conv   DEBUG    Creating converter from 7 to 5
2023-09-14 17:19:50,953 h5py._conv   DEBUG    Creating converter from 5 to 7
2023-09-14 17:19:50,953 h5py._conv   DEBUG    Creating converter from 7 to 5
2023-09-14 17:19:50,953 h5py._conv   DEBUG    Creating converter from 5 to 7
2023-09-14 17:19:56,920 PIL.PngImagePlugin DEBUG    STREAM b'IHDR' 16 13
2023-09-14 17:19:56,920 PIL.PngImagePlugin DEBUG    STREAM b'IDAT' 41 1310
2023-09-14 17:19:56,920 PIL.Image    DEBUG    Importing BlpImagePlugin
2023-09-14 17:19:56,921 PIL.Image    DEBUG    Importing BmpImagePlugin
2023-09-14 17:19:56,921 PIL.Image    DEBUG    Importing BufrStubImagePlugin
2023-09-14 17:19:56,922 PIL.Image    DEBUG    Importing CurImagePlugin
2023-09-14 17:19:56,922 PIL.Image    DEBUG    Importing DcxImagePlugin
2023-09-14 17:19:56,922 PIL.Image    DEBUG    Importing DdsImagePlugin
2023-09-14 17:19:56,923 PIL.Image    DEBUG    Importing EpsImagePlugin
2023-09-14 17:19:56,923 PIL.Image    DEBUG    Importing FitsImagePlugin
2023-09-14 17:19:56,923 PIL.Image    DEBUG    Importing FitsStubImagePlugin
2023-09-14 17:19:56,924 PIL.Image    DEBUG    Importing FliImagePlugin
2023-09-14 17:19:56,924 PIL.Image    DEBUG    Importing FpxImagePlugin
2023-09-14 17:19:56,925 PIL.Image    DEBUG    Importing FtexImagePlugin
2023-09-14 17:19:56,925 PIL.Image    DEBUG    Importing GbrImagePlugin
2023-09-14 17:19:56,925 PIL.Image    DEBUG    Importing GifImagePlugin
2023-09-14 17:19:56,925 PIL.Image    DEBUG    Importing GribStubImagePlugin
2023-09-14 17:19:56,926 PIL.Image    DEBUG    Importing Hdf5StubImagePlugin
2023-09-14 17:19:56,926 PIL.Image    DEBUG    Importing IcnsImagePlugin
2023-09-14 17:19:56,926 PIL.Image    DEBUG    Importing IcoImagePlugin
2023-09-14 17:19:56,927 PIL.Image    DEBUG    Importing ImImagePlugin
2023-09-14 17:19:56,927 PIL.Image    DEBUG    Importing ImtImagePlugin
2023-09-14 17:19:56,927 PIL.Image    DEBUG    Importing IptcImagePlugin
2023-09-14 17:19:56,927 PIL.Image    DEBUG    Importing JpegImagePlugin
2023-09-14 17:19:56,927 PIL.Image    DEBUG    Importing Jpeg2KImagePlugin
2023-09-14 17:19:56,927 PIL.Image    DEBUG    Importing McIdasImagePlugin
2023-09-14 17:19:56,928 PIL.Image    DEBUG    Importing MicImagePlugin
2023-09-14 17:19:56,928 PIL.Image    DEBUG    Importing MpegImagePlugin
2023-09-14 17:19:56,928 PIL.Image    DEBUG    Importing MpoImagePlugin
2023-09-14 17:19:56,928 PIL.Image    DEBUG    Importing MspImagePlugin
2023-09-14 17:19:56,928 PIL.Image    DEBUG    Importing PalmImagePlugin
2023-09-14 17:19:56,929 PIL.Image    DEBUG    Importing PcdImagePlugin
2023-09-14 17:19:56,929 PIL.Image    DEBUG    Importing PcxImagePlugin
2023-09-14 17:19:56,929 PIL.Image    DEBUG    Importing PdfImagePlugin
2023-09-14 17:19:56,932 PIL.Image    DEBUG    Importing PixarImagePlugin
2023-09-14 17:19:56,933 PIL.Image    DEBUG    Importing PngImagePlugin
2023-09-14 17:19:56,933 PIL.Image    DEBUG    Importing PpmImagePlugin
2023-09-14 17:19:56,933 PIL.Image    DEBUG    Importing PsdImagePlugin
2023-09-14 17:19:56,933 PIL.Image    DEBUG    Importing SgiImagePlugin
2023-09-14 17:19:56,933 PIL.Image    DEBUG    Importing SpiderImagePlugin
2023-09-14 17:19:56,933 PIL.Image    DEBUG    Image: failed to import SpiderImagePlugin: No module named 'PIL.SpiderImagePlugin'
2023-09-14 17:19:56,933 PIL.Image    DEBUG    Importing SunImagePlugin
2023-09-14 17:19:56,934 PIL.Image    DEBUG    Importing TgaImagePlugin
2023-09-14 17:19:56,934 PIL.Image    DEBUG    Importing TiffImagePlugin
2023-09-14 17:19:56,934 PIL.Image    DEBUG    Importing WebPImagePlugin
2023-09-14 17:19:56,935 PIL.Image    DEBUG    Importing WmfImagePlugin
2023-09-14 17:19:56,935 PIL.Image    DEBUG    Importing XbmImagePlugin
2023-09-14 17:19:56,936 PIL.Image    DEBUG    Importing XpmImagePlugin
2023-09-14 17:19:56,936 PIL.Image    DEBUG    Importing XVThumbImagePlugin
2023-09-14 17:19:56,937 PIL.PngImagePlugin DEBUG    STREAM b'IHDR' 16 13
2023-09-14 17:19:56,937 PIL.PngImagePlugin DEBUG    STREAM b'IDAT' 41 1310
2023-09-14 17:20:38,177 PIL.PngImagePlugin DEBUG    STREAM b'IHDR' 16 13
2023-09-14 17:20:38,177 PIL.PngImagePlugin DEBUG    STREAM b'IDAT' 41 1310
2023-09-14 17:20:38,177 PIL.PngImagePlugin DEBUG    STREAM b'IHDR' 16 13
2023-09-14 17:20:38,177 PIL.PngImagePlugin DEBUG    STREAM b'IDAT' 41 1310
2023-09-30 09:40:51,377 django.utils.autoreload INFO     Watching for file changes with StatReloader
2023-09-30 09:41:06,561 tensorflow   DEBUG    Falling back to TensorFlow client; we recommended you install the Cloud TPU client directly with pip install cloud-tpu-client.
2023-09-30 09:41:08,507 h5py._conv   DEBUG    Creating converter from 7 to 5
2023-09-30 09:41:08,507 h5py._conv   DEBUG    Creating converter from 5 to 7
2023-09-30 09:41:08,507 h5py._conv   DEBUG    Creating converter from 7 to 5
2023-09-30 09:41:08,507 h5py._conv   DEBUG    Creating converter from 5 to 7
2023-09-30 09:42:17,843 PIL.PngImagePlugin DEBUG    STREAM b'IHDR' 16 13
2023-09-30 09:42:17,844 PIL.PngImagePlugin DEBUG    STREAM b'IDAT' 41 1310
2023-09-30 09:42:17,844 PIL.Image    DEBUG    Importing BlpImagePlugin
2023-09-30 09:42:17,847 PIL.Image    DEBUG    Importing BmpImagePlugin
2023-09-30 09:42:17,847 PIL.Image    DEBUG    Importing BufrStubImagePlugin
2023-09-30 09:42:17,848 PIL.Image    DEBUG    Importing CurImagePlugin
2023-09-30 09:42:17,849 PIL.Image    DEBUG    Importing DcxImagePlugin
2023-09-30 09:42:17,850 PIL.Image    DEBUG    Importing DdsImagePlugin
2023-09-30 09:42:17,851 PIL.Image    DEBUG    Importing EpsImagePlugin
2023-09-30 09:42:17,852 PIL.Image    DEBUG    Importing FitsImagePlugin
2023-09-30 09:42:17,853 PIL.Image    DEBUG    Importing FitsStubImagePlugin
2023-09-30 09:42:17,854 PIL.Image    DEBUG    Importing FliImagePlugin
2023-09-30 09:42:17,854 PIL.Image    DEBUG    Importing FpxImagePlugin
2023-09-30 09:42:17,887 PIL.Image    DEBUG    Importing FtexImagePlugin
2023-09-30 09:42:17,888 PIL.Image    DEBUG    Importing GbrImagePlugin
2023-09-30 09:42:17,888 PIL.Image    DEBUG    Importing GifImagePlugin
2023-09-30 09:42:17,888 PIL.Image    DEBUG    Importing GribStubImagePlugin
2023-09-30 09:42:17,889 PIL.Image    DEBUG    Importing Hdf5StubImagePlugin
2023-09-30 09:42:17,889 PIL.Image    DEBUG    Importing IcnsImagePlugin
2023-09-30 09:42:17,890 PIL.Image    DEBUG    Importing IcoImagePlugin
2023-09-30 09:42:17,890 PIL.Image    DEBUG    Importing ImImagePlugin
2023-09-30 09:42:17,891 PIL.Image    DEBUG    Importing ImtImagePlugin
2023-09-30 09:42:17,891 PIL.Image    DEBUG    Importing IptcImagePlugin
2023-09-30 09:42:17,891 PIL.Image    DEBUG    Importing JpegImagePlugin
2023-09-30 09:42:17,891 PIL.Image    DEBUG    Importing Jpeg2KImagePlugin
2023-09-30 09:42:17,892 PIL.Image    DEBUG    Importing McIdasImagePlugin
2023-09-30 09:42:17,892 PIL.Image    DEBUG    Importing MicImagePlugin
2023-09-30 09:42:17,892 PIL.Image    DEBUG    Importing MpegImagePlugin
2023-09-30 09:42:17,892 PIL.Image    DEBUG    Importing MpoImagePlugin
2023-09-30 09:42:17,893 PIL.Image    DEBUG    Importing MspImagePlugin
2023-09-30 09:42:17,893 PIL.Image    DEBUG    Importing PalmImagePlugin
2023-09-30 09:42:17,894 PIL.Image    DEBUG    Importing PcdImagePlugin
2023-09-30 09:42:17,894 PIL.Image    DEBUG    Importing PcxImagePlugin
2023-09-30 09:42:17,894 PIL.Image    DEBUG    Importing PdfImagePlugin
2023-09-30 09:42:17,898 PIL.Image    DEBUG    Importing PixarImagePlugin
2023-09-30 09:42:17,899 PIL.Image    DEBUG    Importing PngImagePlugin
2023-09-30 09:42:17,899 PIL.Image    DEBUG    Importing PpmImagePlugin
2023-09-30 09:42:17,899 PIL.Image    DEBUG    Importing PsdImagePlugin
2023-09-30 09:42:17,899 PIL.Image    DEBUG    Importing SgiImagePlugin
2023-09-30 09:42:17,899 PIL.Image    DEBUG    Importing SpiderImagePlugin
2023-09-30 09:42:17,899 PIL.Image    DEBUG    Image: failed to import SpiderImagePlugin: No module named 'PIL.SpiderImagePlugin'
2023-09-30 09:42:17,899 PIL.Image    DEBUG    Importing SunImagePlugin
2023-09-30 09:42:17,900 PIL.Image    DEBUG    Importing TgaImagePlugin
2023-09-30 09:42:17,900 PIL.Image    DEBUG    Importing TiffImagePlugin
2023-09-30 09:42:17,900 PIL.Image    DEBUG    Importing WebPImagePlugin
2023-09-30 09:42:17,911 PIL.Image    DEBUG    Importing WmfImagePlugin
2023-09-30 09:42:17,911 PIL.Image    DEBUG    Importing XbmImagePlugin
2023-09-30 09:42:17,912 PIL.Image    DEBUG    Importing XpmImagePlugin
2023-09-30 09:42:17,912 PIL.Image    DEBUG    Importing XVThumbImagePlugin
2023-09-30 09:42:17,913 PIL.PngImagePlugin DEBUG    STREAM b'IHDR' 16 13
2023-09-30 09:42:17,913 PIL.PngImagePlugin DEBUG    STREAM b'IDAT' 41 1310
2023-11-05 15:42:07,727 django.utils.autoreload INFO     Watching for file changes with StatReloader
2023-11-05 15:56:25,270 django.utils.autoreload INFO     Watching for file changes with StatReloader
2023-11-08 14:25:15,446 tensorflow   DEBUG    Falling back to TensorFlow client; we recommended you install the Cloud TPU client directly with pip install cloud-tpu-client.
2023-11-08 14:25:16,969 h5py._conv   DEBUG    Creating converter from 7 to 5
2023-11-08 14:25:16,970 h5py._conv   DEBUG    Creating converter from 5 to 7
2023-11-08 14:25:16,970 h5py._conv   DEBUG    Creating converter from 7 to 5
2023-11-08 14:25:16,970 h5py._conv   DEBUG    Creating converter from 5 to 7
2023-11-08 14:25:26,240 tensorflow   DEBUG    Falling back to TensorFlow client; we recommended you install the Cloud TPU client directly with pip install cloud-tpu-client.
2023-11-08 14:25:26,344 h5py._conv   DEBUG    Creating converter from 7 to 5
2023-11-08 14:25:26,344 h5py._conv   DEBUG    Creating converter from 5 to 7
2023-11-08 14:25:26,344 h5py._conv   DEBUG    Creating converter from 7 to 5
2023-11-08 14:25:26,344 h5py._conv   DEBUG    Creating converter from 5 to 7
2023-11-08 14:28:49,577 tensorflow   DEBUG    Falling back to TensorFlow client; we recommended you install the Cloud TPU client directly with pip install cloud-tpu-client.
2023-11-08 14:28:49,685 h5py._conv   DEBUG    Creating converter from 7 to 5
2023-11-08 14:28:49,685 h5py._conv   DEBUG    Creating converter from 5 to 7
2023-11-08 14:28:49,685 h5py._conv   DEBUG    Creating converter from 7 to 5
2023-11-08 14:28:49,686 h5py._conv   DEBUG    Creating converter from 5 to 7
2023-11-08 14:29:00,303 tensorflow   DEBUG    Falling back to TensorFlow client; we recommended you install the Cloud TPU client directly with pip install cloud-tpu-client.
2023-11-08 14:29:00,409 h5py._conv   DEBUG    Creating converter from 7 to 5
2023-11-08 14:29:00,409 h5py._conv   DEBUG    Creating converter from 5 to 7
2023-11-08 14:29:00,409 h5py._conv   DEBUG    Creating converter from 7 to 5
2023-11-08 14:29:00,410 h5py._conv   DEBUG    Creating converter from 5 to 7
2023-11-08 14:29:50,538 tensorflow   DEBUG    Falling back to TensorFlow client; we recommended you install the Cloud TPU client directly with pip install cloud-tpu-client.
2023-11-08 14:29:50,643 h5py._conv   DEBUG    Creating converter from 7 to 5
2023-11-08 14:29:50,643 h5py._conv   DEBUG    Creating converter from 5 to 7
2023-11-08 14:29:50,643 h5py._conv   DEBUG    Creating converter from 7 to 5
2023-11-08 14:29:50,643 h5py._conv   DEBUG    Creating converter from 5 to 7
2023-11-08 14:29:59,637 tensorflow   DEBUG    Falling back to TensorFlow client; we recommended you install the Cloud TPU client directly with pip install cloud-tpu-client.
2023-11-08 14:29:59,743 h5py._conv   DEBUG    Creating converter from 7 to 5
2023-11-08 14:29:59,743 h5py._conv   DEBUG    Creating converter from 5 to 7
2023-11-08 14:29:59,743 h5py._conv   DEBUG    Creating converter from 7 to 5
2023-11-08 14:29:59,743 h5py._conv   DEBUG    Creating converter from 5 to 7
2023-11-08 14:30:35,054 django.utils.autoreload INFO     Watching for file changes with StatReloader
2023-11-08 14:30:36,014 tensorflow   DEBUG    Falling back to TensorFlow client; we recommended you install the Cloud TPU client directly with pip install cloud-tpu-client.
2023-11-08 14:30:36,121 h5py._conv   DEBUG    Creating converter from 7 to 5
2023-11-08 14:30:36,121 h5py._conv   DEBUG    Creating converter from 5 to 7
2023-11-08 14:30:36,121 h5py._conv   DEBUG    Creating converter from 7 to 5
2023-11-08 14:30:36,122 h5py._conv   DEBUG    Creating converter from 5 to 7
2023-11-08 14:30:54,788 django.request WARNING  Not Found: /
2023-11-08 14:30:56,660 django.request WARNING  Not Found: /favicon.ico
2023-11-08 14:31:08,094 django.request ERROR    Internal Server Error: /home/
Traceback (most recent call last):
  File "/home/android/.local/share/virtualenvs/Practice-WoFJWGfu/lib/python3.11/site-packages/django/core/handlers/exception.py", line 55, in inner
    response = get_response(request)
               ^^^^^^^^^^^^^^^^^^^^^
  File "/home/android/.local/share/virtualenvs/Practice-WoFJWGfu/lib/python3.11/site-packages/django/core/handlers/base.py", line 197, in _get_response
    response = wrapped_callback(request, *callback_args, **callback_kwargs)
               ^^^^^^^^^^^^^^^^^^^^^^^^^^^^^^^^^^^^^^^^^^^^^^^^^^^^^^^^^^^^
  File "/home/android/Practice/EmotionRecognizer/recognizerapp/views.py", line 41, in use_nn
    return render(request, 'recognizerapp/NNform.html', context=context)
           ^^^^^^^^^^^^^^^^^^^^^^^^^^^^^^^^^^^^^^^^^^^^^^^^^^^^^^^^^^^^^
  File "/home/android/.local/share/virtualenvs/Practice-WoFJWGfu/lib/python3.11/site-packages/django/shortcuts.py", line 24, in render
    content = loader.render_to_string(template_name, context, request, using=using)
              ^^^^^^^^^^^^^^^^^^^^^^^^^^^^^^^^^^^^^^^^^^^^^^^^^^^^^^^^^^^^^^^^^^^^^
  File "/home/android/.local/share/virtualenvs/Practice-WoFJWGfu/lib/python3.11/site-packages/django/template/loader.py", line 62, in render_to_string
    return template.render(context, request)
           ^^^^^^^^^^^^^^^^^^^^^^^^^^^^^^^^^
  File "/home/android/.local/share/virtualenvs/Practice-WoFJWGfu/lib/python3.11/site-packages/django/template/backends/django.py", line 61, in render
    return self.template.render(context)
           ^^^^^^^^^^^^^^^^^^^^^^^^^^^^^
  File "/home/android/.local/share/virtualenvs/Practice-WoFJWGfu/lib/python3.11/site-packages/django/template/base.py", line 175, in render
    return self._render(context)
           ^^^^^^^^^^^^^^^^^^^^^
  File "/home/android/.local/share/virtualenvs/Practice-WoFJWGfu/lib/python3.11/site-packages/django/template/base.py", line 167, in _render
    return self.nodelist.render(context)
           ^^^^^^^^^^^^^^^^^^^^^^^^^^^^^
  File "/home/android/.local/share/virtualenvs/Practice-WoFJWGfu/lib/python3.11/site-packages/django/template/base.py", line 1005, in render
    return SafeString("".join([node.render_annotated(context) for node in self]))
                              ^^^^^^^^^^^^^^^^^^^^^^^^^^^^^^^^^^^^^^^^^^^^^^^^^
  File "/home/android/.local/share/virtualenvs/Practice-WoFJWGfu/lib/python3.11/site-packages/django/template/base.py", line 1005, in <listcomp>
    return SafeString("".join([node.render_annotated(context) for node in self]))
                               ^^^^^^^^^^^^^^^^^^^^^^^^^^^^^^
  File "/home/android/.local/share/virtualenvs/Practice-WoFJWGfu/lib/python3.11/site-packages/django/template/base.py", line 966, in render_annotated
    return self.render(context)
           ^^^^^^^^^^^^^^^^^^^^
  File "/home/android/.local/share/virtualenvs/Practice-WoFJWGfu/lib/python3.11/site-packages/django/template/loader_tags.py", line 157, in render
    return compiled_parent._render(context)
           ^^^^^^^^^^^^^^^^^^^^^^^^^^^^^^^^
  File "/home/android/.local/share/virtualenvs/Practice-WoFJWGfu/lib/python3.11/site-packages/django/template/base.py", line 167, in _render
    return self.nodelist.render(context)
           ^^^^^^^^^^^^^^^^^^^^^^^^^^^^^
  File "/home/android/.local/share/virtualenvs/Practice-WoFJWGfu/lib/python3.11/site-packages/django/template/base.py", line 1005, in render
    return SafeString("".join([node.render_annotated(context) for node in self]))
                              ^^^^^^^^^^^^^^^^^^^^^^^^^^^^^^^^^^^^^^^^^^^^^^^^^
  File "/home/android/.local/share/virtualenvs/Practice-WoFJWGfu/lib/python3.11/site-packages/django/template/base.py", line 1005, in <listcomp>
    return SafeString("".join([node.render_annotated(context) for node in self]))
                               ^^^^^^^^^^^^^^^^^^^^^^^^^^^^^^
  File "/home/android/.local/share/virtualenvs/Practice-WoFJWGfu/lib/python3.11/site-packages/django/template/base.py", line 966, in render_annotated
    return self.render(context)
           ^^^^^^^^^^^^^^^^^^^^
  File "/home/android/.local/share/virtualenvs/Practice-WoFJWGfu/lib/python3.11/site-packages/django/template/defaulttags.py", line 471, in render
    url = reverse(view_name, args=args, kwargs=kwargs, current_app=current_app)
          ^^^^^^^^^^^^^^^^^^^^^^^^^^^^^^^^^^^^^^^^^^^^^^^^^^^^^^^^^^^^^^^^^^^^^
  File "/home/android/.local/share/virtualenvs/Practice-WoFJWGfu/lib/python3.11/site-packages/django/urls/base.py", line 88, in reverse
    return resolver._reverse_with_prefix(view, prefix, *args, **kwargs)
           ^^^^^^^^^^^^^^^^^^^^^^^^^^^^^^^^^^^^^^^^^^^^^^^^^^^^^^^^^^^^
  File "/home/android/.local/share/virtualenvs/Practice-WoFJWGfu/lib/python3.11/site-packages/django/urls/resolvers.py", line 828, in _reverse_with_prefix
    raise NoReverseMatch(msg)
django.urls.exceptions.NoReverseMatch: Reverse for 'user_settings' not found. 'user_settings' is not a valid view function or pattern name.
2023-11-08 14:32:47,078 django.utils.autoreload INFO     /home/android/Practice/EmotionRecognizer/EmotionRecognizer/urls.py changed, reloading.
2023-11-08 14:32:47,632 django.utils.autoreload INFO     Watching for file changes with StatReloader
2023-11-08 14:32:48,608 tensorflow   DEBUG    Falling back to TensorFlow client; we recommended you install the Cloud TPU client directly with pip install cloud-tpu-client.
2023-11-08 14:32:48,730 h5py._conv   DEBUG    Creating converter from 7 to 5
2023-11-08 14:32:48,730 h5py._conv   DEBUG    Creating converter from 5 to 7
2023-11-08 14:32:48,730 h5py._conv   DEBUG    Creating converter from 7 to 5
2023-11-08 14:32:48,730 h5py._conv   DEBUG    Creating converter from 5 to 7
2023-11-08 14:32:56,761 django.request ERROR    Internal Server Error: /account/settings/
Traceback (most recent call last):
  File "/home/android/.local/share/virtualenvs/Practice-WoFJWGfu/lib/python3.11/site-packages/django/core/handlers/exception.py", line 55, in inner
    response = get_response(request)
               ^^^^^^^^^^^^^^^^^^^^^
  File "/home/android/.local/share/virtualenvs/Practice-WoFJWGfu/lib/python3.11/site-packages/django/core/handlers/base.py", line 197, in _get_response
    response = wrapped_callback(request, *callback_args, **callback_kwargs)
               ^^^^^^^^^^^^^^^^^^^^^^^^^^^^^^^^^^^^^^^^^^^^^^^^^^^^^^^^^^^^
  File "/home/android/Practice/EmotionRecognizer/personalaccountapp/views.py", line 60, in change_password
    return render(request, 'personalaccountapp/settings.html', context=context)
           ^^^^^^^^^^^^^^^^^^^^^^^^^^^^^^^^^^^^^^^^^^^^^^^^^^^^^^^^^^^^^^^^^^^^
  File "/home/android/.local/share/virtualenvs/Practice-WoFJWGfu/lib/python3.11/site-packages/django/shortcuts.py", line 24, in render
    content = loader.render_to_string(template_name, context, request, using=using)
              ^^^^^^^^^^^^^^^^^^^^^^^^^^^^^^^^^^^^^^^^^^^^^^^^^^^^^^^^^^^^^^^^^^^^^
  File "/home/android/.local/share/virtualenvs/Practice-WoFJWGfu/lib/python3.11/site-packages/django/template/loader.py", line 61, in render_to_string
    template = get_template(template_name, using=using)
               ^^^^^^^^^^^^^^^^^^^^^^^^^^^^^^^^^^^^^^^^
  File "/home/android/.local/share/virtualenvs/Practice-WoFJWGfu/lib/python3.11/site-packages/django/template/loader.py", line 19, in get_template
    raise TemplateDoesNotExist(template_name, chain=chain)
django.template.exceptions.TemplateDoesNotExist: personalaccountapp/settings.html
2023-11-08 14:33:50,723 django.utils.autoreload INFO     /home/android/Practice/EmotionRecognizer/personalaccountapp/views.py changed, reloading.
2023-11-08 14:33:51,256 django.utils.autoreload INFO     Watching for file changes with StatReloader
2023-11-08 14:33:52,257 tensorflow   DEBUG    Falling back to TensorFlow client; we recommended you install the Cloud TPU client directly with pip install cloud-tpu-client.
2023-11-08 14:33:52,364 h5py._conv   DEBUG    Creating converter from 7 to 5
2023-11-08 14:33:52,364 h5py._conv   DEBUG    Creating converter from 5 to 7
2023-11-08 14:33:52,364 h5py._conv   DEBUG    Creating converter from 7 to 5
2023-11-08 14:33:52,364 h5py._conv   DEBUG    Creating converter from 5 to 7
2023-11-09 15:37:15,288 tensorflow   DEBUG    Falling back to TensorFlow client; we recommended you install the Cloud TPU client directly with pip install cloud-tpu-client.
2023-11-09 15:37:16,782 h5py._conv   DEBUG    Creating converter from 7 to 5
2023-11-09 15:37:16,783 h5py._conv   DEBUG    Creating converter from 5 to 7
2023-11-09 15:37:16,783 h5py._conv   DEBUG    Creating converter from 7 to 5
2023-11-09 15:37:16,784 h5py._conv   DEBUG    Creating converter from 5 to 7
2023-11-09 15:42:24,419 tensorflow   DEBUG    Falling back to TensorFlow client; we recommended you install the Cloud TPU client directly with pip install cloud-tpu-client.
2023-11-09 15:42:24,501 h5py._conv   DEBUG    Creating converter from 7 to 5
2023-11-09 15:42:24,501 h5py._conv   DEBUG    Creating converter from 5 to 7
2023-11-09 15:42:24,501 h5py._conv   DEBUG    Creating converter from 7 to 5
2023-11-09 15:42:24,501 h5py._conv   DEBUG    Creating converter from 5 to 7
2023-11-09 15:42:45,996 tensorflow   DEBUG    Falling back to TensorFlow client; we recommended you install the Cloud TPU client directly with pip install cloud-tpu-client.
2023-11-09 15:42:46,074 h5py._conv   DEBUG    Creating converter from 7 to 5
2023-11-09 15:42:46,074 h5py._conv   DEBUG    Creating converter from 5 to 7
2023-11-09 15:42:46,074 h5py._conv   DEBUG    Creating converter from 7 to 5
2023-11-09 15:42:46,074 h5py._conv   DEBUG    Creating converter from 5 to 7
2023-11-09 15:43:52,831 tensorflow   DEBUG    Falling back to TensorFlow client; we recommended you install the Cloud TPU client directly with pip install cloud-tpu-client.
2023-11-09 15:43:52,909 h5py._conv   DEBUG    Creating converter from 7 to 5
2023-11-09 15:43:52,909 h5py._conv   DEBUG    Creating converter from 5 to 7
2023-11-09 15:43:52,909 h5py._conv   DEBUG    Creating converter from 7 to 5
2023-11-09 15:43:52,909 h5py._conv   DEBUG    Creating converter from 5 to 7
2023-11-09 15:49:15,400 tensorflow   DEBUG    Falling back to TensorFlow client; we recommended you install the Cloud TPU client directly with pip install cloud-tpu-client.
2023-11-09 15:49:15,480 h5py._conv   DEBUG    Creating converter from 7 to 5
2023-11-09 15:49:15,480 h5py._conv   DEBUG    Creating converter from 5 to 7
2023-11-09 15:49:15,480 h5py._conv   DEBUG    Creating converter from 7 to 5
2023-11-09 15:49:15,480 h5py._conv   DEBUG    Creating converter from 5 to 7
2023-11-09 15:49:33,163 tensorflow   DEBUG    Falling back to TensorFlow client; we recommended you install the Cloud TPU client directly with pip install cloud-tpu-client.
2023-11-09 15:49:33,241 h5py._conv   DEBUG    Creating converter from 7 to 5
2023-11-09 15:49:33,241 h5py._conv   DEBUG    Creating converter from 5 to 7
2023-11-09 15:49:33,241 h5py._conv   DEBUG    Creating converter from 7 to 5
2023-11-09 15:49:33,241 h5py._conv   DEBUG    Creating converter from 5 to 7
2023-11-10 09:54:37,794 django.utils.autoreload INFO     Watching for file changes with StatReloader
2023-11-10 09:54:59,521 tensorflow   DEBUG    Falling back to TensorFlow client; we recommended you install the Cloud TPU client directly with pip install cloud-tpu-client.
2023-11-10 09:55:00,818 h5py._conv   DEBUG    Creating converter from 7 to 5
2023-11-10 09:55:00,818 h5py._conv   DEBUG    Creating converter from 5 to 7
2023-11-10 09:55:00,818 h5py._conv   DEBUG    Creating converter from 7 to 5
2023-11-10 09:55:00,818 h5py._conv   DEBUG    Creating converter from 5 to 7
2023-11-10 09:58:25,932 django.utils.autoreload INFO     Watching for file changes with StatReloader
2023-11-10 09:58:26,990 tensorflow   DEBUG    Falling back to TensorFlow client; we recommended you install the Cloud TPU client directly with pip install cloud-tpu-client.
2023-11-10 09:58:27,069 h5py._conv   DEBUG    Creating converter from 7 to 5
2023-11-10 09:58:27,069 h5py._conv   DEBUG    Creating converter from 5 to 7
2023-11-10 09:58:27,069 h5py._conv   DEBUG    Creating converter from 7 to 5
2023-11-10 09:58:27,069 h5py._conv   DEBUG    Creating converter from 5 to 7
2023-11-10 09:58:47,386 django.request WARNING  Not Found: /
2023-11-10 09:59:31,335 django.request WARNING  Not Found: /api/list
2023-11-10 10:01:02,718 django.request ERROR    Internal Server Error: /account/api/list/
Traceback (most recent call last):
  File "/home/android/.local/share/virtualenvs/Practice-WoFJWGfu/lib/python3.11/site-packages/django/db/models/fields/__init__.py", line 2053, in get_prep_value
    return int(value)
           ^^^^^^^^^^
  File "/home/android/.local/share/virtualenvs/Practice-WoFJWGfu/lib/python3.11/site-packages/django/contrib/auth/models.py", line 437, in __int__
    raise TypeError(
TypeError: Cannot cast AnonymousUser to int. Are you trying to use it in place of User?

The above exception was the direct cause of the following exception:

Traceback (most recent call last):
  File "/home/android/.local/share/virtualenvs/Practice-WoFJWGfu/lib/python3.11/site-packages/django/core/handlers/exception.py", line 55, in inner
    response = get_response(request)
               ^^^^^^^^^^^^^^^^^^^^^
  File "/home/android/.local/share/virtualenvs/Practice-WoFJWGfu/lib/python3.11/site-packages/django/core/handlers/base.py", line 197, in _get_response
    response = wrapped_callback(request, *callback_args, **callback_kwargs)
               ^^^^^^^^^^^^^^^^^^^^^^^^^^^^^^^^^^^^^^^^^^^^^^^^^^^^^^^^^^^^
  File "/home/android/.local/share/virtualenvs/Practice-WoFJWGfu/lib/python3.11/site-packages/django/views/decorators/csrf.py", line 56, in wrapper_view
    return view_func(*args, **kwargs)
           ^^^^^^^^^^^^^^^^^^^^^^^^^^
  File "/home/android/.local/share/virtualenvs/Practice-WoFJWGfu/lib/python3.11/site-packages/rest_framework/viewsets.py", line 125, in view
    return self.dispatch(request, *args, **kwargs)
           ^^^^^^^^^^^^^^^^^^^^^^^^^^^^^^^^^^^^^^^
  File "/home/android/.local/share/virtualenvs/Practice-WoFJWGfu/lib/python3.11/site-packages/rest_framework/views.py", line 509, in dispatch
    response = self.handle_exception(exc)
               ^^^^^^^^^^^^^^^^^^^^^^^^^^
  File "/home/android/.local/share/virtualenvs/Practice-WoFJWGfu/lib/python3.11/site-packages/rest_framework/views.py", line 469, in handle_exception
    self.raise_uncaught_exception(exc)
  File "/home/android/.local/share/virtualenvs/Practice-WoFJWGfu/lib/python3.11/site-packages/rest_framework/views.py", line 480, in raise_uncaught_exception
    raise exc
  File "/home/android/.local/share/virtualenvs/Practice-WoFJWGfu/lib/python3.11/site-packages/rest_framework/views.py", line 506, in dispatch
    response = handler(request, *args, **kwargs)
               ^^^^^^^^^^^^^^^^^^^^^^^^^^^^^^^^^
  File "/home/android/.local/share/virtualenvs/Practice-WoFJWGfu/lib/python3.11/site-packages/rest_framework/mixins.py", line 38, in list
    queryset = self.filter_queryset(self.get_queryset())
                                    ^^^^^^^^^^^^^^^^^^^
  File "/home/android/Practice/EmotionRecognizer/personalaccountapp/views.py", line 130, in get_queryset
    queryset = Results.objects.filter(user=user)
               ^^^^^^^^^^^^^^^^^^^^^^^^^^^^^^^^^
  File "/home/android/.local/share/virtualenvs/Practice-WoFJWGfu/lib/python3.11/site-packages/django/db/models/manager.py", line 87, in manager_method
    return getattr(self.get_queryset(), name)(*args, **kwargs)
           ^^^^^^^^^^^^^^^^^^^^^^^^^^^^^^^^^^^^^^^^^^^^^^^^^^^
  File "/home/android/.local/share/virtualenvs/Practice-WoFJWGfu/lib/python3.11/site-packages/django/db/models/query.py", line 1436, in filter
    return self._filter_or_exclude(False, args, kwargs)
           ^^^^^^^^^^^^^^^^^^^^^^^^^^^^^^^^^^^^^^^^^^^^
  File "/home/android/.local/share/virtualenvs/Practice-WoFJWGfu/lib/python3.11/site-packages/django/db/models/query.py", line 1454, in _filter_or_exclude
    clone._filter_or_exclude_inplace(negate, args, kwargs)
  File "/home/android/.local/share/virtualenvs/Practice-WoFJWGfu/lib/python3.11/site-packages/django/db/models/query.py", line 1461, in _filter_or_exclude_inplace
    self._query.add_q(Q(*args, **kwargs))
  File "/home/android/.local/share/virtualenvs/Practice-WoFJWGfu/lib/python3.11/site-packages/django/db/models/sql/query.py", line 1545, in add_q
    clause, _ = self._add_q(q_object, self.used_aliases)
                ^^^^^^^^^^^^^^^^^^^^^^^^^^^^^^^^^^^^^^^^
  File "/home/android/.local/share/virtualenvs/Practice-WoFJWGfu/lib/python3.11/site-packages/django/db/models/sql/query.py", line 1576, in _add_q
    child_clause, needed_inner = self.build_filter(
                                 ^^^^^^^^^^^^^^^^^^
  File "/home/android/.local/share/virtualenvs/Practice-WoFJWGfu/lib/python3.11/site-packages/django/db/models/sql/query.py", line 1491, in build_filter
    condition = self.build_lookup(lookups, col, value)
                ^^^^^^^^^^^^^^^^^^^^^^^^^^^^^^^^^^^^^^
  File "/home/android/.local/share/virtualenvs/Practice-WoFJWGfu/lib/python3.11/site-packages/django/db/models/sql/query.py", line 1318, in build_lookup
    lookup = lookup_class(lhs, rhs)
             ^^^^^^^^^^^^^^^^^^^^^^
  File "/home/android/.local/share/virtualenvs/Practice-WoFJWGfu/lib/python3.11/site-packages/django/db/models/lookups.py", line 27, in __init__
    self.rhs = self.get_prep_lookup()
               ^^^^^^^^^^^^^^^^^^^^^^
  File "/home/android/.local/share/virtualenvs/Practice-WoFJWGfu/lib/python3.11/site-packages/django/db/models/fields/related_lookups.py", line 166, in get_prep_lookup
    self.rhs = target_field.get_prep_value(self.rhs)
               ^^^^^^^^^^^^^^^^^^^^^^^^^^^^^^^^^^^^^
  File "/home/android/.local/share/virtualenvs/Practice-WoFJWGfu/lib/python3.11/site-packages/django/db/models/fields/__init__.py", line 2055, in get_prep_value
    raise e.__class__(
TypeError: Field 'id' expected a number but got <django.contrib.auth.models.AnonymousUser object at 0x7f0f1f4361d0>.
2023-11-10 10:06:42,077 django.utils.autoreload INFO     /home/android/Practice/EmotionRecognizer/personalaccountapp/urls.py changed, reloading.
2023-11-10 10:08:19,045 django.utils.autoreload INFO     Watching for file changes with StatReloader
2023-11-10 10:08:20,058 tensorflow   DEBUG    Falling back to TensorFlow client; we recommended you install the Cloud TPU client directly with pip install cloud-tpu-client.
2023-11-10 10:08:20,139 h5py._conv   DEBUG    Creating converter from 7 to 5
2023-11-10 10:08:20,139 h5py._conv   DEBUG    Creating converter from 5 to 7
2023-11-10 10:08:20,139 h5py._conv   DEBUG    Creating converter from 7 to 5
2023-11-10 10:08:20,139 h5py._conv   DEBUG    Creating converter from 5 to 7
2023-11-10 10:09:47,972 django.utils.autoreload INFO     Watching for file changes with StatReloader
2023-11-10 10:09:48,960 tensorflow   DEBUG    Falling back to TensorFlow client; we recommended you install the Cloud TPU client directly with pip install cloud-tpu-client.
2023-11-10 10:09:49,037 h5py._conv   DEBUG    Creating converter from 7 to 5
2023-11-10 10:09:49,037 h5py._conv   DEBUG    Creating converter from 5 to 7
2023-11-10 10:09:49,037 h5py._conv   DEBUG    Creating converter from 7 to 5
2023-11-10 10:09:49,037 h5py._conv   DEBUG    Creating converter from 5 to 7
2023-11-10 10:10:04,236 django.utils.autoreload INFO     /home/android/Practice/EmotionRecognizer/personalaccountapp/urls.py changed, reloading.
2023-11-10 10:10:04,951 django.utils.autoreload INFO     Watching for file changes with StatReloader
2023-11-10 10:10:06,015 tensorflow   DEBUG    Falling back to TensorFlow client; we recommended you install the Cloud TPU client directly with pip install cloud-tpu-client.
2023-11-10 10:10:06,105 h5py._conv   DEBUG    Creating converter from 7 to 5
2023-11-10 10:10:06,106 h5py._conv   DEBUG    Creating converter from 5 to 7
2023-11-10 10:10:06,106 h5py._conv   DEBUG    Creating converter from 7 to 5
2023-11-10 10:10:06,106 h5py._conv   DEBUG    Creating converter from 5 to 7
2023-11-10 10:10:36,215 django.utils.autoreload INFO     /home/android/Practice/EmotionRecognizer/personalaccountapp/urls.py changed, reloading.
2023-11-10 10:10:36,727 django.utils.autoreload INFO     Watching for file changes with StatReloader
2023-11-10 10:10:37,777 tensorflow   DEBUG    Falling back to TensorFlow client; we recommended you install the Cloud TPU client directly with pip install cloud-tpu-client.
2023-11-10 10:10:37,856 h5py._conv   DEBUG    Creating converter from 7 to 5
2023-11-10 10:10:37,856 h5py._conv   DEBUG    Creating converter from 5 to 7
2023-11-10 10:10:37,857 h5py._conv   DEBUG    Creating converter from 7 to 5
2023-11-10 10:10:37,857 h5py._conv   DEBUG    Creating converter from 5 to 7
2023-11-10 10:10:53,167 MARKDOWN     DEBUG    Successfully imported extension module "markdown.extensions.toc".
2023-11-10 10:10:53,168 MARKDOWN     DEBUG    Successfully loaded extension "markdown.extensions.toc.TocExtension".
2023-11-10 10:10:53,275 django.request WARNING  Method Not Allowed: /account/api/login
2023-11-10 10:11:24,962 MARKDOWN     DEBUG    Successfully imported extension module "markdown.extensions.toc".
2023-11-10 10:11:24,963 MARKDOWN     DEBUG    Successfully loaded extension "markdown.extensions.toc.TocExtension".
2023-11-10 10:11:25,015 django.request WARNING  Method Not Allowed: /account/api/register
2023-11-10 10:11:35,420 MARKDOWN     DEBUG    Successfully imported extension module "markdown.extensions.toc".
2023-11-10 10:11:35,420 MARKDOWN     DEBUG    Successfully loaded extension "markdown.extensions.toc.TocExtension".
2023-11-10 10:11:35,423 django.request WARNING  Method Not Allowed: /account/api/change-password
